<?xml version="1.0" encoding="UTF-8"?>
<testsuite xmlns:xsi="http://www.w3.org/2001/XMLSchema-instance" xsi:noNamespaceSchemaLocation="https://maven.apache.org/surefire/maven-surefire-plugin/xsd/surefire-test-report-3.0.xsd" version="3.0" name="google.demo.GoogleOnWebApplicationTests" time="1.725" tests="1" errors="0" skipped="0" failures="0">
  <properties>
[...]
</properties>
  <testcase name="contextLoads" classname="google.demo.GoogleOnWebApplicationTests" time="0.453">
    <system-out><![CDATA[22:41:54.892 [main] INFO org.springframework.test.context.support.AnnotationConfigContextLoaderUtils -- Could not detect default configuration classes for test class [google.demo.GoogleOnWebApplicationTests]: GoogleOnWebApplicationTests does not declare any static, non-private, non-final, nested classes annotated with @Configuration.
22:41:54.957 [main] INFO org.springframework.boot.test.context.SpringBootTestContextBootstrapper -- Found @SpringBootConfiguration google.demo.GoogleOnWebApplication for test class google.demo.GoogleOnWebApplicationTests
22:41:55.047 [main] INFO org.springframework.boot.devtools.restart.RestartApplicationListener -- Restart disabled due to context in which it is running

  .   ____          _            __ _ _
 /\\ / ___'_ __ _ _(_)_ __  __ _ \ \ \ \
( ( )\___ | '_ | '_| | '_ \/ _` | \ \ \ \
 \\/  ___)| |_)| | | | | || (_| |  ) ) ) )
  '  |____| .__|_| |_|_| |_\__, | / / / /
 =========|_|==============|___/=/_/_/_/

 :: Spring Boot ::                (v3.3.5)

2024-12-17T22:41:55.200+08:00  INFO 18284 --- [google on web] [           main] g.demo.GoogleOnWebApplicationTests       : Starting GoogleOnWebApplicationTests using Java 23.0.1 with PID 18284 (started by loeas in C:\Users\loeas\OneDrive\桌面\DS Pro\demo)
2024-12-17T22:41:55.201+08:00  INFO 18284 --- [google on web] [           main] g.demo.GoogleOnWebApplicationTests       : No active profile set, falling back to 1 default profile: "default"
2024-12-17T22:41:55.819+08:00  INFO 18284 --- [google on web] [           main] o.s.b.a.w.s.WelcomePageHandlerMapping    : Adding welcome page: class path resource [static/index.html]
2024-12-17T22:41:56.003+08:00  WARN 18284 --- [google on web] [           main] ion$DefaultTemplateResolverConfiguration : Cannot find template location: classpath:/templates/ (please add some templates, check your Thymeleaf configuration, or set spring.thymeleaf.check-template-location=false)
2024-12-17T22:41:56.054+08:00  INFO 18284 --- [google on web] [           main] g.demo.GoogleOnWebApplicationTests       : Started GoogleOnWebApplicationTests in 1.014 seconds (process running for 1.545)
]]></system-out>
    <system-err><![CDATA[WARNING: A Java agent has been loaded dynamically (C:\Users\loeas\.m2\repository\net\bytebuddy\byte-buddy-agent\1.14.19\byte-buddy-agent-1.14.19.jar)
WARNING: If a serviceability tool is in use, please run with -XX:+EnableDynamicAgentLoading to hide this warning
WARNING: If a serviceability tool is not in use, please run with -Djdk.instrument.traceUsage for more information
WARNING: Dynamic loading of agents will be disallowed by default in a future release
]]></system-err>
  </testcase>
</testsuite>